ubuntu@Ubuntu-22:~/MSSS/work/TESTFINALPROJECT10/mss-self-project$ ./setup.sh 
---------------------------------------
------ Welcome to VPN Automation ------
---------------------------------------

*** check conf ...
*** is aws cli installed ? 
aws-cli/2.13.24 Python/3.11.5 Linux/6.2.0-36-generic exe/x86_64.ubuntu.22 prompt/off
*** is Terraform installed ? 
Terraform v1.6.0
on linux_amd64
+ provider registry.terraform.io/hashicorp/aws v5.24.0
+ provider registry.terraform.io/hashicorp/local v2.4.0
+ provider registry.terraform.io/hashicorp/null v3.2.1
+ provider registry.terraform.io/hashicorp/tls v4.0.4
+ provider registry.terraform.io/terraform-provider-openstack/openstack v1.42.0

Your version of Terraform is out of date! The latest version
is 1.6.3. You can update by downloading from https://www.terraform.io/downloads.html
*** is python installed ? 
Python 3.10.12
*** is Ansible installed ? 
ansible [core 2.15.4]
  config file = None
  configured module search path = ['/home/ubuntu/.ansible/plugins/modules', '/usr/share/ansible/plugins/modules']
  ansible python module location = /home/ubuntu/.local/pipx/venvs/ansible-core/lib/python3.10/site-packages/ansible
  ansible collection location = /home/ubuntu/.ansible/collections:/usr/share/ansible/collections
  executable location = /home/ubuntu/.local/bin/ansible
  python version = 3.10.12 (main, Jun 11 2023, 05:26:28) [GCC 11.4.0] (/home/ubuntu/.local/pipx/venvs/ansible-core/bin/python)
  jinja version = 3.1.2
  libyaml = True

*** check credentials ...
*** on aws side :
{
    "UserId": "..",
    "Account": "708113109960",
    "Arn": "arn:aws:sts::708113109960:assumed-role/AWSReservedSSO_DevopsLab_a5ad8dc258100c0a/..."
}
*** on ovh side :
https://auth.cloud.ovh.net/v3
user-rj8rP3ysvdp3
GRA7

So, 
Would you like to continue ? Only 'yes' will be accepted to confirm
yes
------ ok, let s go ------

Initializing the backend...
Initializing modules...

Initializing provider plugins...
- terraform.io/builtin/terraform is built in to Terraform
- Reusing previous version of terraform-provider-openstack/openstack from the dependency lock file
- Reusing previous version of hashicorp/local from the dependency lock file
- Reusing previous version of hashicorp/null from the dependency lock file
- Reusing previous version of hashicorp/aws from the dependency lock file
- Reusing previous version of hashicorp/tls from the dependency lock file
- Using previously-installed terraform-provider-openstack/openstack v1.42.0
- Using previously-installed hashicorp/local v2.4.0
- Using previously-installed hashicorp/null v3.2.1
- Using previously-installed hashicorp/aws v5.24.0
- Using previously-installed hashicorp/tls v4.0.4

Terraform has been successfully initialized!

You may now begin working with Terraform. Try running "terraform plan" to see
any changes that are required for your infrastructure. All Terraform commands
should now work.

If you ever set or change modules or backend configuration for Terraform,
rerun this command to reinitialize your working directory. If you forget, other
commands will detect it and remind you to do so if necessary.
local_file.aws_ansible_website_config_file: Refreshing state... [id=0f1737acc32f17be2554840d56c09cf26d4f74ea]
local_file.aws_ansible_website_generic_file: Refreshing state... [id=7872974a5bf453216a4bc18986d45de0cd675d38]
local_file.aws_ansible_nginx_config_file: Refreshing state... [id=0f1737acc32f17be2554840d56c09cf26d4f74ea]
local_file.ovh_ansible_config_file: Refreshing state... [id=0f1737acc32f17be2554840d56c09cf26d4f74ea]
module.create-ec2-instance.tls_private_key.aws-keypair-rsa-tf-sell: Refreshing state... [id=007e4f6112965cc90f52229636a719508ac06e0c]
module.create-ovh-instance.openstack_compute_keypair_v2.self_keypair: Refreshing state... [id=TESTselfmsssULTIME_ovh_keypair]
module.create-ec2-instance.local_file.aws-private-key-file-tf-sell: Refreshing state... [id=f0cdcdbf48c57b058be9b49edb26d9e359555e0d]
module.create-ec2-instance.data.aws_route53_zone.selected: Reading...
module.create-ec2-instance.data.aws_ami.ubuntu: Reading...
module.create-ec2-instance.aws_key_pair.aws-public-key-tf-sell: Refreshing state... [id=TESTselfmsssULTIME_aws_keypair]
module.create-ec2-instance.aws_vpc.awsvpc-tf-sell: Refreshing state... [id=vpc-012e09f8d3340842e]
module.create-ec2-instance.data.aws_ami.ubuntu: Read complete after 0s [id=ami-073e5edf4b5d15fc8]
module.create-ec2-instance.data.aws_route53_zone.selected: Read complete after 1s [id=Z03385262WMCAFO2KASN1]
module.create-ovh-instance.local_file.privatekey_filename: Refreshing state... [id=470dce06f09a94a15586925e1079770b1ac352f6]
module.create-ovh-instance.openstack_compute_instance_v2.sell_terraform_instance: Refreshing state... [id=538ddfbb-f509-42ec-9044-adf3f8f91a55]
module.create-ec2-instance.aws_internet_gateway.aws-igw-tf-sell: Refreshing state... [id=igw-00b643f6527a3017d]
module.create-ec2-instance.aws_security_group.aws-sg-http-tf-sell: Refreshing state... [id=sg-0a81d5e0b2d5fb189]
module.create-ec2-instance.aws_security_group.aws-sg-ssh-tf-sell: Refreshing state... [id=sg-0b3dad0ce6b294e34]
module.create-ec2-instance.aws_security_group.aws-sg-rdp-tf-sell: Refreshing state... [id=sg-0b82c5bd25fea3fe5]
module.create-ec2-instance.aws_security_group.aws-sg-icmp-tf-sell: Refreshing state... [id=sg-0b220068aea7d6475]
module.create-ec2-instance.aws_security_group.aws-sg-https-tf-sell: Refreshing state... [id=sg-08a8be229d055f86d]
module.create-ec2-instance.aws_subnet.aws-private-subnet-tf-sell: Refreshing state... [id=subnet-05f79dab467550e3b]
module.create-ec2-instance.aws_subnet.aws-public-subnet-tf-sell: Refreshing state... [id=subnet-0e3dd61c3c51ee76a]
module.create-ec2-instance.aws_route_table.aws-public-routetable-tf-sell: Refreshing state... [id=rtb-07223d4403f9d3743]
module.create-ec2-instance.aws_route_table_association.aws-rtasso-tf-sell-wsub: Refreshing state... [id=rtbassoc-01c90ee6a9941726e]
module.create-ec2-instance.aws_instance.aws-ec2-instance-tf-sell: Refreshing state... [id=i-04bd7a40becc77f20]
module.create-ec2-instance.terraform_data.instance_role: Refreshing state... [id=ab509e46-db10-61c6-3ea7-9bb5d78383fc]
module.create-ec2-instance.aws_route53_record.www: Refreshing state... [id=Z03385262WMCAFO2KASN1_testselfmsssultime.devops.intuitivesoft.cloud._A]
local_file.aws_ansible_nginx_inventory_file: Refreshing state... [id=747ee582055fcc91aa0dfa63c582efbe46154373]
local_file.aws_ansible_website_inventory_file: Refreshing state... [id=747ee582055fcc91aa0dfa63c582efbe46154373]
local_file.ansible_check_vars_file: Refreshing state... [id=5a5fab6ebd83e00ad7e33b8eb843cdfa064d7be5]
local_file.ovh_ansible_inventory_file: Refreshing state... [id=df37d8148f3c11782307436f89b4302753f87e48]
local_file.ansible_check_inventory_file: Refreshing state... [id=c31cbf4899d7fcb7e4b63d7e149312af9dcc513f]
null_resource.aws_ansible_nginx_playbook: Refreshing state... [id=6393710102456844675]
module.deploy-vpn-connection.data.aws_route_table.awsrt-mssssell-tf: Reading...
module.deploy-vpn-connection.data.aws_vpc.awsvpc-mssssell-tf: Reading...
module.deploy-vpn-connection.aws_customer_gateway.aws-customergw-tf-sell: Refreshing state... [id=cgw-08b95770944b6e891]
null_resource.aws_ansible_vhost_playbook: Refreshing state... [id=1668525657954860137]
null_resource.aws_ansible_website_playbook: Refreshing state... [id=459187432442292230]
null_resource.aws_ansible_certificate_playbook: Refreshing state... [id=1526997868748340203]
module.deploy-vpn-connection.data.aws_route_table.awsrt-mssssell-tf: Read complete after 0s [id=rtb-07223d4403f9d3743]
module.deploy-vpn-connection.data.aws_vpc.awsvpc-mssssell-tf: Read complete after 1s [id=vpc-012e09f8d3340842e]
module.deploy-vpn-connection.aws_vpn_gateway.aws-vpngw-tf-sell: Refreshing state... [id=vgw-02945973cdf03e98a]
module.deploy-vpn-connection.aws_route_table.aws-public-routetable-tovgw-tf-sell: Refreshing state... [id=rtb-02d20913ace8c0656]
module.deploy-vpn-connection.aws_vpn_gateway_route_propagation.aws-vpngw-routepropa-tf-sell: Refreshing state... [id=vgw-02945973cdf03e98a_rtb-07223d4403f9d3743]
module.deploy-vpn-connection.aws_vpn_connection.aws-vpnco-tf-sell: Refreshing state... [id=vpn-09afb488a9dffe38b]
module.deploy-vpn-connection.local_file.ansible_vars_tf-sell: Refreshing state... [id=6e3b58187fbc1205e9d3d2fea4c161cf83c30c00]
module.deploy-vpn-connection.aws_vpn_connection_route.aws-vpnco-route-tf-sell: Refreshing state... [id=10.10.1.0/24:vpn-09afb488a9dffe38b]
null_resource.ovh_strongswan_playbook: Refreshing state... [id=7653454619871566427]
null_resource.check_tunnels_up: Refreshing state... [id=299270272359642763]
null_resource.check_conf: Refreshing state... [id=4964770775099574848]

No changes. Your infrastructure matches the configuration.

Terraform has compared your real infrastructure against your configuration
and found no differences, so no changes are needed.

Apply complete! Resources: 0 added, 0 changed, 0 destroyed.

Outputs:

aws_link = "https://TESTselfmsssULTIME.devops.intuitivesoft.cloud."
aws_public_ip = "18.225.57.95"
ovh_public_ip = "162.19.119.230"

------------------------------
------ that s all folks ------
------------------------------

ubuntu@Ubuntu-22:~/MSSS/work/TESTFINALPROJECT10/mss-self-project$ ll
